::1 - - [21/Aug/2024:14:52:54 +0000] "GET /api/collections/5f21c223-9347-4c93-9dc9-e8cf5295aa1d?offset=0&limit=2 HTTP/1.1" 200 253 "-" "PostmanRuntime/7.37.3":INFO:2024-08-21T14:52:54.868Z
::1 - - [21/Aug/2024:14:52:58 +0000] "GET /api/collections/5f21c223-9347-4c93-9dc9-e8cf5295aa1d?offset=0&limit=2 HTTP/1.1" 200 253 "-" "PostmanRuntime/7.37.3":INFO:2024-08-21T14:52:58.362Z
::1 - - [21/Aug/2024:14:53:00 +0000] "GET /api/collections/5f21c223-9347-4c93-9dc9-e8cf5295aa1d?offset=0&limit=2 HTTP/1.1" 200 253 "-" "PostmanRuntime/7.37.3":INFO:2024-08-21T14:53:00.649Z
::1 - - [21/Aug/2024:14:53:01 +0000] "GET /api/collections/5f21c223-9347-4c93-9dc9-e8cf5295aa1d?offset=0&limit=2 HTTP/1.1" 200 253 "-" "PostmanRuntime/7.37.3":INFO:2024-08-21T14:53:01.846Z
::1 - - [21/Aug/2024:14:53:03 +0000] "GET /api/collections/5f21c223-9347-4c93-9dc9-e8cf5295aa1d?offset=0&limit=2 HTTP/1.1" 200 253 "-" "PostmanRuntime/7.37.3":INFO:2024-08-21T14:53:03.171Z
::1 - - [21/Aug/2024:14:53:04 +0000] "GET /api/collections/5f21c223-9347-4c93-9dc9-e8cf5295aa1d?offset=0&limit=2 HTTP/1.1" 200 253 "-" "PostmanRuntime/7.37.3":INFO:2024-08-21T14:53:04.370Z
::1 - - [21/Aug/2024:15:05:18 +0000] "GET /api/collections/5f21c223-9347-4c93-9dc9-e8cf5295aa1d?offset=0&limit=2 HTTP/1.1" 200 253 "-" "PostmanRuntime/7.37.3":INFO:2024-08-21T15:05:18.324Z
::1 - - [21/Aug/2024:15:05:22 +0000] "GET /api/collections/5f21c223-9347-4c93-9dc9-e8cf5295aa1d?offset=0&limit=2 HTTP/1.1" 200 253 "-" "PostmanRuntime/7.37.3":INFO:2024-08-21T15:05:22.136Z
::1 - - [21/Aug/2024:15:05:23 +0000] "GET /api/collections/5f21c223-9347-4c93-9dc9-e8cf5295aa1d?offset=0&limit=2 HTTP/1.1" 200 253 "-" "PostmanRuntime/7.37.3":INFO:2024-08-21T15:05:23.721Z
::1 - - [22/Aug/2024:10:54:33 +0000] "GET /api/collections/5f21c223-9347-4c93-9dc9-e8cf5295aa1d?offset=0&limit=2 HTTP/1.1" 200 18 "-" "PostmanRuntime/7.37.3":INFO:2024-08-22T10:54:33.622Z
::1 - - [22/Aug/2024:11:24:55 +0000] "GET /dev HTTP/1.1" 200 45 "-" "PostmanRuntime/7.37.3":INFO:2024-08-22T11:24:55.626Z
::1 - - [22/Aug/2024:11:25:00 +0000] "GET /dev HTTP/1.1" 200 45 "-" "PostmanRuntime/7.37.3":INFO:2024-08-22T11:25:00.979Z
::1 - - [22/Aug/2024:11:25:06 +0000] "GET /dev HTTP/1.1" 200 45 "-" "PostmanRuntime/7.37.3":INFO:2024-08-22T11:25:06.516Z
::1 - - [22/Aug/2024:11:25:30 +0000] "POST /dev HTTP/1.1" 200 643 "-" "PostmanRuntime/7.37.3":INFO:2024-08-22T11:25:30.874Z
::1 - - [22/Aug/2024:11:29:01 +0000] "POST /dev HTTP/1.1" 200 643 "-" "PostmanRuntime/7.37.3":INFO:2024-08-22T11:29:01.607Z
::1 - - [22/Aug/2024:11:29:35 +0000] "POST /dev HTTP/1.1" 200 645 "-" "PostmanRuntime/7.37.3":INFO:2024-08-22T11:29:35.454Z
::1 - - [22/Aug/2024:13:09:56 +0000] "POST /dev HTTP/1.1" 200 645 "-" "PostmanRuntime/7.37.3":INFO:2024-08-22T13:09:56.179Z
::1 - - [22/Aug/2024:13:10:13 +0000] "POST /dev HTTP/1.1" 200 643 "-" "PostmanRuntime/7.37.3":INFO:2024-08-22T13:10:13.516Z
::1 - - [22/Aug/2024:13:10:44 +0000] "POST /dev HTTP/1.1" 200 641 "-" "PostmanRuntime/7.37.3":INFO:2024-08-22T13:10:44.629Z
::1 - - [22/Aug/2024:13:11:08 +0000] "POST /dev HTTP/1.1" 200 641 "-" "PostmanRuntime/7.37.3":INFO:2024-08-22T13:11:08.437Z
::1 - - [22/Aug/2024:13:15:53 +0000] "GET /dev HTTP/1.1" 300 46 "-" "Mozilla/5.0 (Windows NT 10.0; Win64; x64) AppleWebKit/537.36 (KHTML, like Gecko) Chrome/127.0.0.0 Safari/537.36":INFO:2024-08-22T13:15:53.932Z
::1 - - [22/Aug/2024:13:15:58 +0000] "GET /favicon.ico HTTP/1.1" 404 150 "-" "Mozilla/5.0 (Windows NT 10.0; Win64; x64) AppleWebKit/537.36 (KHTML, like Gecko) Chrome/127.0.0.0 Safari/537.36":INFO:2024-08-22T13:15:58.255Z
::1 - - [22/Aug/2024:13:21:17 +0000] "GET /dev HTTP/1.1" 500 1644 "-" "Mozilla/5.0 (Windows NT 10.0; Win64; x64) AppleWebKit/537.36 (KHTML, like Gecko) Chrome/127.0.0.0 Safari/537.36":INFO:2024-08-22T13:21:17.098Z
::1 - - [22/Aug/2024:13:22:18 +0000] "GET /dev HTTP/1.1" 200 140 "-" "Mozilla/5.0 (Windows NT 10.0; Win64; x64) AppleWebKit/537.36 (KHTML, like Gecko) Chrome/127.0.0.0 Safari/537.36":INFO:2024-08-22T13:22:18.986Z
::1 - - [22/Aug/2024:13:22:26 +0000] "GET /dev HTTP/1.1" 200 140 "-" "Mozilla/5.0 (Windows NT 10.0; Win64; x64) AppleWebKit/537.36 (KHTML, like Gecko) Chrome/127.0.0.0 Safari/537.36":INFO:2024-08-22T13:22:26.304Z
::1 - - [22/Aug/2024:13:22:27 +0000] "GET /dev HTTP/1.1" 200 140 "-" "Mozilla/5.0 (Windows NT 10.0; Win64; x64) AppleWebKit/537.36 (KHTML, like Gecko) Chrome/127.0.0.0 Safari/537.36":INFO:2024-08-22T13:22:27.982Z
::1 - - [22/Aug/2024:13:23:15 +0000] "GET /dev HTTP/1.1" 200 179 "-" "Mozilla/5.0 (Windows NT 10.0; Win64; x64) AppleWebKit/537.36 (KHTML, like Gecko) Chrome/127.0.0.0 Safari/537.36":INFO:2024-08-22T13:23:15.199Z
::1 - - [22/Aug/2024:13:23:22 +0000] "GET /dev HTTP/1.1" 200 179 "-" "Mozilla/5.0 (Windows NT 10.0; Win64; x64) AppleWebKit/537.36 (KHTML, like Gecko) Chrome/127.0.0.0 Safari/537.36":INFO:2024-08-22T13:23:22.048Z
::1 - - [22/Aug/2024:13:24:05 +0000] "GET /dev HTTP/1.1" 200 179 "-" "Mozilla/5.0 (Windows NT 10.0; Win64; x64) AppleWebKit/537.36 (KHTML, like Gecko) Chrome/127.0.0.0 Safari/537.36":INFO:2024-08-22T13:24:05.934Z
::ffff:127.0.0.1 - - [22/Aug/2024:15:18:36 +0000] "POST /auth/register HTTP/1.1" 400 54 "-" "PostmanRuntime/7.37.3":INFO:2024-08-22T15:18:36.233Z
Error message : Unexpected token u in JSON at position 0:ERROR:2024-08-22T15:19:15.378Z
::1 - - [23/Aug/2024:00:25:14 +0000] "POST /auth/register HTTP/1.1" 400 65 "-" "PostmanRuntime/7.37.3":INFO:2024-08-23T00:25:14.181Z
Error message : Unexpected token u in JSON at position 0:ERROR:2024-08-23T00:25:34.785Z
Error message : Unexpected token u in JSON at position 0:ERROR:2024-08-23T00:25:42.398Z
::1 - - [23/Aug/2024:00:30:09 +0000] "POST /auth/register HTTP/1.1" 400 65 "-" "PostmanRuntime/7.37.3":INFO:2024-08-23T00:30:09.639Z
::1 - - [23/Aug/2024:00:31:44 +0000] "POST /auth/register HTTP/1.1" 400 65 "-" "PostmanRuntime/7.37.3":INFO:2024-08-23T00:31:44.407Z
::1 - - [23/Aug/2024:00:31:52 +0000] "POST /auth/register HTTP/1.1" 400 55 "-" "PostmanRuntime/7.37.3":INFO:2024-08-23T00:31:52.467Z
Error message : Unexpected token u in JSON at position 0:ERROR:2024-08-23T00:32:25.937Z
::1 - - [23/Aug/2024:00:35:15 +0000] "POST /auth/register HTTP/1.1" 400 65 "-" "PostmanRuntime/7.37.3":INFO:2024-08-23T00:35:15.051Z
::1 - - [23/Aug/2024:00:35:29 +0000] "POST /auth/register HTTP/1.1" 404 119 "-" "PostmanRuntime/7.37.3":INFO:2024-08-23T00:35:29.260Z
::1 - - [23/Aug/2024:00:35:41 +0000] "POST /auth/register HTTP/1.1" 404 117 "-" "PostmanRuntime/7.37.3":INFO:2024-08-23T00:35:41.171Z
::1 - - [23/Aug/2024:00:35:54 +0000] "POST /auth/register HTTP/1.1" 400 40 "-" "PostmanRuntime/7.37.3":INFO:2024-08-23T00:35:54.572Z
::1 - - [23/Aug/2024:00:36:04 +0000] "POST /auth/register HTTP/1.1" 400 40 "-" "PostmanRuntime/7.37.3":INFO:2024-08-23T00:36:04.705Z
::1 - - [23/Aug/2024:00:37:08 +0000] "POST /auth/register HTTP/1.1" 400 45 "-" "PostmanRuntime/7.37.3":INFO:2024-08-23T00:37:08.764Z
::1 - - [23/Aug/2024:00:38:22 +0000] "POST /auth/register HTTP/1.1" 201 362 "-" "PostmanRuntime/7.37.3":INFO:2024-08-23T00:38:22.297Z
::1 - - [23/Aug/2024:00:39:38 +0000] "POST /auth/register HTTP/1.1" 400 47 "-" "PostmanRuntime/7.37.3":INFO:2024-08-23T00:39:38.939Z
::1 - - [23/Aug/2024:00:43:40 +0000] "POST /api/image/upload HTTP/1.1" 500 1479 "-" "PostmanRuntime/7.37.3":INFO:2024-08-23T00:43:40.099Z
::1 - - [23/Aug/2024:00:45:14 +0000] "POST /api/image/upload HTTP/1.1" 500 45 "-" "PostmanRuntime/7.37.3":INFO:2024-08-23T00:45:14.329Z
::1 - - [23/Aug/2024:00:50:55 +0000] "POST /api/image/upload HTTP/1.1" 400 46 "-" "PostmanRuntime/7.37.3":INFO:2024-08-23T00:50:55.368Z
::1 - - [23/Aug/2024:00:53:46 +0000] "POST /api/image/upload HTTP/1.1" 201 39 "-" "PostmanRuntime/7.37.3":INFO:2024-08-23T00:53:46.192Z
::1 - - [23/Aug/2024:00:54:20 +0000] "POST /api/47c72574-5c17-4b39-bbf1-b9f803a3971f HTTP/1.1" 404 180 "-" "PostmanRuntime/7.37.3":INFO:2024-08-23T00:54:20.145Z
::1 - - [23/Aug/2024:00:54:35 +0000] "POST /api/like/47c72574-5c17-4b39-bbf1-b9f803a3971f HTTP/1.1" 400 45 "-" "PostmanRuntime/7.37.3":INFO:2024-08-23T00:54:35.633Z
::1 - - [23/Aug/2024:00:58:02 +0000] "POST /api/like/47c72574-5c17-4b39-bbf1-b9f803a3971f HTTP/1.1" 400 42 "-" "PostmanRuntime/7.37.3":INFO:2024-08-23T00:58:02.049Z
::1 - - [23/Aug/2024:06:20:15 +0000] "POST /api/like/47c72574-5c17-4b39-bbf1-b9f803a3971f HTTP/1.1" 400 42 "-" "PostmanRuntime/7.37.3":INFO:2024-08-23T06:20:15.159Z
Error message : Unexpected token u in JSON at position 0:ERROR:2024-08-23T06:21:13.375Z
::1 - - [23/Aug/2024:06:21:33 +0000] "POST /auth/register HTTP/1.1" 400 40 "-" "PostmanRuntime/7.37.3":INFO:2024-08-23T06:21:33.755Z
::1 - - [23/Aug/2024:06:23:03 +0000] "POST /auth/register HTTP/1.1" 400 45 "-" "PostmanRuntime/7.37.3":INFO:2024-08-23T06:23:03.571Z
::1 - - [23/Aug/2024:06:23:50 +0000] "POST /auth/register HTTP/1.1" 201 362 "-" "PostmanRuntime/7.37.3":INFO:2024-08-23T06:23:50.232Z
::1 - - [23/Aug/2024:06:24:40 +0000] "POST /auth/register HTTP/1.1" 400 47 "-" "PostmanRuntime/7.37.3":INFO:2024-08-23T06:24:40.990Z
::1 - - [23/Aug/2024:11:18:28 +0000] "POST /auth/register HTTP/1.1" 400 45 "-" "PostmanRuntime/7.37.3":INFO:2024-08-23T11:18:28.447Z
::1 - - [23/Aug/2024:11:18:35 +0000] "POST /auth/register HTTP/1.1" 201 364 "-" "PostmanRuntime/7.37.3":INFO:2024-08-23T11:18:35.926Z
::1 - - [23/Aug/2024:23:11:16 +0000] "POST /auth/email-validation HTTP/1.1" 400 47 "-" "PostmanRuntime/7.37.3":INFO:2024-08-23T23:11:16.063Z
::1 - - [23/Aug/2024:23:11:42 +0000] "POST /auth/email-validation HTTP/1.1" 400 45 "-" "PostmanRuntime/7.37.3":INFO:2024-08-23T23:11:42.149Z
::1 - - [23/Aug/2024:23:11:51 +0000] "POST /auth/email-validation HTTP/1.1" 200 39 "-" "PostmanRuntime/7.37.3":INFO:2024-08-23T23:11:51.534Z
::1 - - [23/Aug/2024:23:13:42 +0000] "POST /auth/email-validation HTTP/1.1" 200 334 "-" "PostmanRuntime/7.37.3":INFO:2024-08-23T23:13:42.689Z
::1 - - [23/Aug/2024:23:17:09 +0000] "POST /auth/email-validation HTTP/1.1" 200 328 "-" "PostmanRuntime/7.37.3":INFO:2024-08-23T23:17:09.199Z
::1 - - [23/Aug/2024:23:17:51 +0000] "POST /auth/email-validation/?token=eyJhbGciOiJIUzI1NiIsInR5cCI6IkpXVCJ9.eyJwcm9wZXJ0eTEiOiJmZXJyeWt1bnNzIiwicHJvcGVydHkyIjoic2ZlcmRzZEAuY29tIiwicHJvcGVydHkzIjoiZGRkZGRkZHNzZHdkMDckIiwiaWF0IjoxNzI0NDU1MDI5LCJleHAiOjE3MjQ0NTU5Mjl9.f-jjzBuL0Zju1xn-IWB4pjqClDBCXUeBgihZ2LO5-bg HTTP/1.1" 400 55 "-" "PostmanRuntime/7.37.3":INFO:2024-08-23T23:17:51.202Z
::1 - - [23/Aug/2024:23:20:06 +0000] "POST /auth/email-validation/?token=eyJhbGciOiJIUzI1NiIsInR5cCI6IkpXVCJ9.eyJwcm9wZXJ0eTEiOiJmZXJyeWt1bnNzIiwicHJvcGVydHkyIjoic2ZlcmRzZEAuY29tIiwicHJvcGVydHkzIjoiZGRkZGRkZHNzZHdkMDckIiwiaWF0IjoxNzI0NDU1MDI5LCJleHAiOjE3MjQ0NTU5Mjl9.f-jjzBuL0Zju1xn-IWB4pjqClDBCXUeBgihZ2LO5-bg HTTP/1.1" 400 55 "-" "PostmanRuntime/7.37.3":INFO:2024-08-23T23:20:06.280Z
::1 - - [23/Aug/2024:23:21:05 +0000] "POST /auth/register/?token=eyJhbGciOiJIUzI1NiIsInR5cCI6IkpXVCJ9.eyJwcm9wZXJ0eTEiOiJmZXJyeWt1bnNzIiwicHJvcGVydHkyIjoic2ZlcmRzZEAuY29tIiwicHJvcGVydHkzIjoiZGRkZGRkZHNzZHdkMDckIiwiaWF0IjoxNzI0NDU1MDI5LCJleHAiOjE3MjQ0NTU5Mjl9.f-jjzBuL0Zju1xn-IWB4pjqClDBCXUeBgihZ2LO5-bg HTTP/1.1" 400 40 "-" "PostmanRuntime/7.37.3":INFO:2024-08-23T23:21:05.329Z
::1 - - [23/Aug/2024:23:21:45 +0000] "POST /auth/email-validation HTTP/1.1" 200 328 "-" "PostmanRuntime/7.37.3":INFO:2024-08-23T23:21:45.442Z
::1 - - [23/Aug/2024:23:21:59 +0000] "POST /auth/email-validation/?token=eyJhbGciOiJIUzI1NiIsInR5cCI6IkpXVCJ9.eyJwcm9wZXJ0eTEiOiJmZXJyeWt1bnNzIiwicHJvcGVydHkyIjoic2ZlcmRzZEAuY29tIiwicHJvcGVydHkzIjoiZGRkZGRkZHNzZHdkMDckIiwiaWF0IjoxNzI0NDU1MzA1LCJleHAiOjE3MjQ0NTYyMDV9.tMYKNOXnZYn7PZmvpgs-pcPEcWIyv1-jslIn8czck-g HTTP/1.1" 400 55 "-" "PostmanRuntime/7.37.3":INFO:2024-08-23T23:21:59.086Z
::1 - - [23/Aug/2024:23:22:12 +0000] "POST /auth/register/?token=eyJhbGciOiJIUzI1NiIsInR5cCI6IkpXVCJ9.eyJwcm9wZXJ0eTEiOiJmZXJyeWt1bnNzIiwicHJvcGVydHkyIjoic2ZlcmRzZEAuY29tIiwicHJvcGVydHkzIjoiZGRkZGRkZHNzZHdkMDckIiwiaWF0IjoxNzI0NDU1MzA1LCJleHAiOjE3MjQ0NTYyMDV9.tMYKNOXnZYn7PZmvpgs-pcPEcWIyv1-jslIn8czck-g HTTP/1.1" 400 40 "-" "PostmanRuntime/7.37.3":INFO:2024-08-23T23:22:12.144Z
::1 - - [23/Aug/2024:23:26:10 +0000] "POST /auth/register/?token=eyJhbGciOiJIUzI1NiIsInR5cCI6IkpXVCJ9.eyJwcm9wZXJ0eTEiOiJmZXJyeWt1bnNzIiwicHJvcGVydHkyIjoic2ZlcmRzZEAuY29tIiwicHJvcGVydHkzIjoiZGRkZGRkZHNzZHdkMDckIiwiaWF0IjoxNzI0NDU1MzA1LCJleHAiOjE3MjQ0NTYyMDV9.tMYKNOXnZYn7PZmvpgs-pcPEcWIyv1-jslIn8czck-g HTTP/1.1" 400 40 "-" "PostmanRuntime/7.37.3":INFO:2024-08-23T23:26:10.846Z
::1 - - [23/Aug/2024:23:26:28 +0000] "POST /auth/email-validation HTTP/1.1" 400 45 "-" "PostmanRuntime/7.37.3":INFO:2024-08-23T23:26:28.130Z
::1 - - [23/Aug/2024:23:26:43 +0000] "POST /auth/email-validation HTTP/1.1" 200 320 "-" "PostmanRuntime/7.37.3":INFO:2024-08-23T23:26:43.833Z
::1 - - [23/Aug/2024:23:26:57 +0000] "POST /auth/register/?token=eyJhbGciOiJIUzI1NiIsInR5cCI6IkpXVCJ9.eyJwcm9wZXJ0eTEiOiJmZXJyeWt1bnNzIiwicHJvcGVydHkyIjoiZmVyZHNkc0AuY29tIiwicHJvcGVydHkzIjoiZGRkZGRkZHNzZHdkMDckIiwiaWF0IjoxNzI0NDU1NjAzLCJleHAiOjE3MjQ0NTY1MDN9.Ldu5_HVxlQOtDb2b0PVSYb0BQFPdsahDuAgk7gMEqes HTTP/1.1" 400 40 "-" "PostmanRuntime/7.37.3":INFO:2024-08-23T23:26:57.500Z
::1 - - [23/Aug/2024:23:30:55 +0000] "GET /auth/register/?token=eyJhbGciOiJIUzI1NiIsInR5cCI6IkpXVCJ9.eyJwcm9wZXJ0eTEiOiJmZXJyeWt1bnNzIiwicHJvcGVydHkyIjoiZmVyZHNkc0AuY29tIiwicHJvcGVydHkzIjoiZGRkZGRkZHNzZHdkMDckIiwiaWF0IjoxNzI0NDU1NjAzLCJleHAiOjE3MjQ0NTY1MDN9.Ldu5_HVxlQOtDb2b0PVSYb0BQFPdsahDuAgk7gMEqes HTTP/1.1" 404 153 "-" "PostmanRuntime/7.37.3":INFO:2024-08-23T23:30:55.930Z
::1 - - [23/Aug/2024:23:31:03 +0000] "POST /auth/register/?token=eyJhbGciOiJIUzI1NiIsInR5cCI6IkpXVCJ9.eyJwcm9wZXJ0eTEiOiJmZXJyeWt1bnNzIiwicHJvcGVydHkyIjoiZmVyZHNkc0AuY29tIiwicHJvcGVydHkzIjoiZGRkZGRkZHNzZHdkMDckIiwiaWF0IjoxNzI0NDU1NjAzLCJleHAiOjE3MjQ0NTY1MDN9.Ldu5_HVxlQOtDb2b0PVSYb0BQFPdsahDuAgk7gMEqes HTTP/1.1" 400 40 "-" "PostmanRuntime/7.37.3":INFO:2024-08-23T23:31:03.964Z
::1 - - [23/Aug/2024:23:31:18 +0000] "POST /auth/register/?token=eyJhbGciOiJIUzI1NiIsInR5cCI6IkpXVCJ9.eyJwcm9wZXJ0eTEiOiJmZXJyeWt1bnNzIiwicHJvcGVydHkyIjoiZmVyZHNkc0AuY29tIiwicHJvcGVydHkzIjoiZGRkZGRkZHNzZHdkMDckIiwiaWF0IjoxNzI0NDU1NjAzLCJleHAiOjE3MjQ0NTY1MDN9.Ldu5_HVxlQOtDb2b0PVSYb0BQFPdsahDuAgk7gMEqes HTTP/1.1" 400 40 "-" "PostmanRuntime/7.37.3":INFO:2024-08-23T23:31:18.737Z
::1 - - [23/Aug/2024:23:33:23 +0000] "POST /auth/register/?token=eyJhbGciOiJIUzI1NiIsInR5cCI6IkpXVCJ9.eyJwcm9wZXJ0eTEiOiJmZXJyeWt1bnNzIiwicHJvcGVydHkyIjoiZmVyZHNkc0AuY29tIiwicHJvcGVydHkzIjoiZGRkZGRkZHNzZHdkMDckIiwiaWF0IjoxNzI0NDU1NjAzLCJleHAiOjE3MjQ0NTY1MDN9.Ldu5_HVxlQOtDb2b0PVSYb0BQFPdsahDuAgk7gMEqes HTTP/1.1" 400 40 "-" "PostmanRuntime/7.37.3":INFO:2024-08-23T23:33:23.865Z
::1 - - [23/Aug/2024:23:33:33 +0000] "POST /auth/email-validation HTTP/1.1" 200 312 "-" "PostmanRuntime/7.37.3":INFO:2024-08-23T23:33:33.847Z
::1 - - [23/Aug/2024:23:36:57 +0000] "POST /auth/email-validation HTTP/1.1" 200 312 "-" "PostmanRuntime/7.37.3":INFO:2024-08-23T23:36:57.381Z
::1 - - [23/Aug/2024:23:37:05 +0000] "POST /auth/email-validation HTTP/1.1" 200 312 "-" "PostmanRuntime/7.37.3":INFO:2024-08-23T23:37:05.078Z
::1 - - [23/Aug/2024:23:37:17 +0000] "GET /auth/register/?token=eyJhbGciOiJIUzI1NiIsInR5cCI6IkpXVCJ9.eyJ1c2VybmFtZSI6ImZlcnJ5a3Vuc3MiLCJlbWFpbCI6ImZlcmRzZHNALmNvbSIsInBhc3N3b3JkIjoiZGRkZGRkZHNzZHdkMDckIiwiaWF0IjoxNzI0NDU2MjI1LCJleHAiOjE3MjQ0NTcxMjV9.mnKMiKIVHPy9LSVA702NRC-5XLUKPjIxRNsCsagxO00 HTTP/1.1" 404 153 "-" "PostmanRuntime/7.37.3":INFO:2024-08-23T23:37:17.699Z
::1 - - [23/Aug/2024:23:37:23 +0000] "POST /auth/register/?token=eyJhbGciOiJIUzI1NiIsInR5cCI6IkpXVCJ9.eyJ1c2VybmFtZSI6ImZlcnJ5a3Vuc3MiLCJlbWFpbCI6ImZlcmRzZHNALmNvbSIsInBhc3N3b3JkIjoiZGRkZGRkZHNzZHdkMDckIiwiaWF0IjoxNzI0NDU2MjI1LCJleHAiOjE3MjQ0NTcxMjV9.mnKMiKIVHPy9LSVA702NRC-5XLUKPjIxRNsCsagxO00 HTTP/1.1" 500 45 "-" "PostmanRuntime/7.37.3":INFO:2024-08-23T23:37:23.469Z
::1 - - [23/Aug/2024:23:38:02 +0000] "POST /auth/register/?token=eyJhbGciOiJIUzI1NiIsInR5cCI6IkpXVCJ9.eyJ1c2VybmFtZSI6ImZlcnJ5a3Vuc3MiLCJlbWFpbCI6ImZlcmRzZHNALmNvbSIsInBhc3N3b3JkIjoiZGRkZGRkZHNzZHdkMDckIiwiaWF0IjoxNzI0NDU2MjI1LCJleHAiOjE3MjQ0NTcxMjV9.mnKMiKIVHPy9LSVA702NRC-5XLUKPjIxRNsCsagxO00 HTTP/1.1" 200 68 "-" "PostmanRuntime/7.37.3":INFO:2024-08-23T23:38:02.058Z
::1 - - [23/Aug/2024:23:40:55 +0000] "POST /auth/register/?token=eyJhbGciOiJIUzI1NiIsInR5cCI6IkpXVCJ9.eyJ1c2VybmFtZSI6ImZlcnJ5a3Vuc3MiLCJlbWFpbCI6ImZlcmRzZHNALmNvbSIsInBhc3N3b3JkIjoiZGRkZGRkZHNzZHdkMDckIiwiaWF0IjoxNzI0NDU2MjI1LCJleHAiOjE3MjQ0NTcxMjV9.mnKMiKIVHPy9LSVA702NRC-5XLUKPjIxRNsCsagxO00 HTTP/1.1" 200 68 "-" "PostmanRuntime/7.37.3":INFO:2024-08-23T23:40:55.536Z
::1 - - [23/Aug/2024:23:44:03 +0000] "POST /auth/register/?token=eyJhbGciOiJIUzI1NiIsInR5cCI6IkpXVCJ9.eyJ1c2VybmFtZSI6ImZlcnJ5a3Vuc3MiLCJlbWFpbCI6ImZlcmRzZHNALmNvbSIsInBhc3N3b3JkIjoiZGRkZGRkZHNzZHdkMDckIiwiaWF0IjoxNzI0NDU2MjI1LCJleHAiOjE3MjQ0NTcxMjV9.mnKMiKIVHPy9LSVA702NRC-5XLUKPjIxRNsCsagxO00 HTTP/1.1" 200 208 "-" "PostmanRuntime/7.37.3":INFO:2024-08-23T23:44:03.557Z
::1 - - [23/Aug/2024:23:46:24 +0000] "POST /auth/email-validation HTTP/1.1" 400 47 "-" "PostmanRuntime/7.37.3":INFO:2024-08-23T23:46:24.741Z
::1 - - [23/Aug/2024:23:46:29 +0000] "POST /auth/email-validation HTTP/1.1" 400 45 "-" "PostmanRuntime/7.37.3":INFO:2024-08-23T23:46:29.618Z
::1 - - [23/Aug/2024:23:46:34 +0000] "POST /auth/email-validation HTTP/1.1" 200 316 "-" "PostmanRuntime/7.37.3":INFO:2024-08-23T23:46:34.507Z
::1 - - [23/Aug/2024:23:46:47 +0000] "POST /auth/register/?token=eyJhbGciOiJIUzI1NiIsInR5cCI6IkpXVCJ9.eyJ1c2VybmFtZSI6ImZlcnJ5a3Vuc3NzIiwiZW1haWwiOiJmZXJzZHNkc0AuY29tIiwicGFzc3dvcmQiOiJkZGRkZGRkc3Nkd2QwNyQiLCJpYXQiOjE3MjQ0NTY3OTQsImV4cCI6MTcyNDQ1NzY5NH0.hzME9fhTcApRDstpKrlRgiqpIqOkI2VWUZl4wm8Q8Xo HTTP/1.1" 500 45 "-" "PostmanRuntime/7.37.3":INFO:2024-08-23T23:46:47.951Z
::1 - - [23/Aug/2024:23:49:28 +0000] "POST /auth/email-validation HTTP/1.1" 200 318 "-" "PostmanRuntime/7.37.3":INFO:2024-08-23T23:49:28.839Z
::1 - - [23/Aug/2024:23:49:57 +0000] "POST /auth/register/?token=eyJhbGciOiJIUzI1NiIsInR5cCI6IkpXVCJ9.eyJ1c2VybmFtZSI6ImZlcnJ5a3Vuc3Nzc3NzIiwiZW1haWwiOiJ0ZXJ0aWVyQC5jb20iLCJwYXNzd29yZCI6ImRkZGRkZGRzc2R3ZDA3JCIsImlhdCI6MTcyNDQ1Njk2OCwiZXhwIjoxNzI0NDU3ODY4fQ.nfvvabyvl1YPLgO0GwsXcgK1rQLAjWyNvLiJ4HO0PM8 HTTP/1.1" 200 375 "-" "PostmanRuntime/7.37.3":INFO:2024-08-23T23:49:57.601Z
::1 - - [23/Aug/2024:23:52:42 +0000] "POST /api/image/upload HTTP/1.1" 400 46 "-" "PostmanRuntime/7.37.3":INFO:2024-08-23T23:52:42.392Z
::1 - - [23/Aug/2024:23:53:01 +0000] "POST /api/image/upload HTTP/1.1" 201 39 "-" "PostmanRuntime/7.37.3":INFO:2024-08-23T23:53:01.472Z
::1 - - [23/Aug/2024:23:53:39 +0000] "GET /api/images/ HTTP/1.1" 400 52 "-" "PostmanRuntime/7.37.3":INFO:2024-08-23T23:53:39.682Z
::1 - - [23/Aug/2024:23:53:59 +0000] "GET /api/images/?offset=5&limit=15 HTTP/1.1" 400 39 "-" "PostmanRuntime/7.37.3":INFO:2024-08-23T23:53:59.697Z
::1 - - [23/Aug/2024:23:54:06 +0000] "GET /api/images/?offset=5&limit=10 HTTP/1.1" 500 45 "-" "PostmanRuntime/7.37.3":INFO:2024-08-23T23:54:06.284Z
::1 - - [23/Aug/2024:23:55:34 +0000] "GET /api/images/?offset=5&limit=10 HTTP/1.1" 200 27 "-" "PostmanRuntime/7.37.3":INFO:2024-08-23T23:55:34.098Z
::1 - - [23/Aug/2024:23:57:26 +0000] "GET /api/images/?offset=5&limit=10 HTTP/1.1" 200 27 "-" "PostmanRuntime/7.37.3":INFO:2024-08-23T23:57:26.216Z
::1 - - [24/Aug/2024:00:01:00 +0000] "GET /api/images/?offset=5&limit=10 HTTP/1.1" 400 46 "-" "PostmanRuntime/7.37.3":INFO:2024-08-24T00:01:00.923Z
::1 - - [24/Aug/2024:00:01:36 +0000] "GET /api/images/?offset=0&limit=10 HTTP/1.1" 200 169 "-" "PostmanRuntime/7.37.3":INFO:2024-08-24T00:01:36.697Z
::1 - - [24/Aug/2024:00:02:30 +0000] "GET /cdn/1724457181104-110922462.png HTTP/1.1" 200 645585 "-" "PostmanRuntime/7.37.3":INFO:2024-08-24T00:02:30.262Z
::1 - - [24/Aug/2024:00:02:49 +0000] "GET /api/images/?offset=5&limit=10 HTTP/1.1" 400 46 "-" "PostmanRuntime/7.37.3":INFO:2024-08-24T00:02:49.234Z
::1 - - [24/Aug/2024:00:02:58 +0000] "GET /api/images/?offset=0&limit=10 HTTP/1.1" 200 169 "-" "PostmanRuntime/7.37.3":INFO:2024-08-24T00:02:58.108Z
::1 - - [24/Aug/2024:00:03:23 +0000] "GET /api/like/987b1fc6-bf43-4066-a4f4-1e26d89a94b5 HTTP/1.1" 404 184 "-" "PostmanRuntime/7.37.3":INFO:2024-08-24T00:03:23.084Z
::1 - - [24/Aug/2024:00:03:29 +0000] "POST /api/like/987b1fc6-bf43-4066-a4f4-1e26d89a94b5 HTTP/1.1" 200 21 "-" "PostmanRuntime/7.37.3":INFO:2024-08-24T00:03:29.005Z
::1 - - [24/Aug/2024:00:03:50 +0000] "DELETE /api/like/987b1fc6-bf43-4066-a4f4-1e26d89a94b5 HTTP/1.1" 500 45 "-" "PostmanRuntime/7.37.3":INFO:2024-08-24T00:03:50.323Z
::1 - - [24/Aug/2024:00:05:39 +0000] "DELETE /api/like/987b1fc6-bf43-4066-a4f4-1e26d89a94b5 HTTP/1.1" 200 21 "-" "PostmanRuntime/7.37.3":INFO:2024-08-24T00:05:39.111Z
::1 - - [24/Aug/2024:00:13:30 +0000] "DELETE /api/like/987b1fc6-bf43-4066-a4f4-1e26d89a94b5 HTTP/1.1" 400 45 "-" "PostmanRuntime/7.37.3":INFO:2024-08-24T00:13:30.539Z
::1 - - [24/Aug/2024:00:15:07 +0000] "DELETE /api/like/987b1fc6-bf43-4066-a4f4-1e26d89a94b5 HTTP/1.1" 200 21 "-" "PostmanRuntime/7.37.3":INFO:2024-08-24T00:15:07.338Z
::1 - - [24/Aug/2024:00:15:23 +0000] "POST /api/like/987b1fc6-bf43-4066-a4f4-1e26d89a94b5 HTTP/1.1" 400 45 "-" "PostmanRuntime/7.37.3":INFO:2024-08-24T00:15:23.781Z
::1 - - [24/Aug/2024:00:16:10 +0000] "POST /api/like/987b1fc6-bf43-4066-a4f4-1e26d89a94b5 HTTP/1.1" 200 21 "-" "PostmanRuntime/7.37.3":INFO:2024-08-24T00:16:10.544Z
::1 - - [24/Aug/2024:00:16:14 +0000] "POST /api/like/987b1fc6-bf43-4066-a4f4-1e26d89a94b5 HTTP/1.1" 400 43 "-" "PostmanRuntime/7.37.3":INFO:2024-08-24T00:16:14.899Z
::1 - - [24/Aug/2024:00:49:13 +0000] "GET /api/notifications/ HTTP/1.1" 400 52 "-" "PostmanRuntime/7.37.3":INFO:2024-08-24T00:49:13.905Z
::1 - - [24/Aug/2024:00:49:33 +0000] "GET /api/notifications/?offset=d&limit=2 HTTP/1.1" 400 62 "-" "PostmanRuntime/7.37.3":INFO:2024-08-24T00:49:33.858Z
::1 - - [24/Aug/2024:00:49:43 +0000] "GET /api/notifications/?offset=0&limit=2 HTTP/1.1" 500 45 "-" "PostmanRuntime/7.37.3":INFO:2024-08-24T00:49:43.487Z
::1 - - [24/Aug/2024:00:51:00 +0000] "GET /api/notifications/?offset=0&limit=2 HTTP/1.1" 500 45 "-" "PostmanRuntime/7.37.3":INFO:2024-08-24T00:51:00.824Z
::1 - - [24/Aug/2024:00:51:03 +0000] "GET /api/notifications/?offset=0&limit=2 HTTP/1.1" 500 45 "-" "PostmanRuntime/7.37.3":INFO:2024-08-24T00:51:03.616Z
::1 - - [24/Aug/2024:00:52:21 +0000] "GET /api/notifications/?offset=0&limit=2 HTTP/1.1" 400 45 "-" "PostmanRuntime/7.37.3":INFO:2024-08-24T00:52:21.485Z
::1 - - [24/Aug/2024:00:52:23 +0000] "GET /api/notifications/?offset=0&limit=2 HTTP/1.1" 400 45 "-" "PostmanRuntime/7.37.3":INFO:2024-08-24T00:52:23.578Z
::1 - - [24/Aug/2024:00:54:42 +0000] "GET /api/notifications/?offset=0&limit=2 HTTP/1.1" 200 89 "-" "PostmanRuntime/7.37.3":INFO:2024-08-24T00:54:42.673Z
::1 - - [24/Aug/2024:00:56:04 +0000] "GET /api/users/ HTTP/1.1" 400 52 "-" "PostmanRuntime/7.37.3":INFO:2024-08-24T00:56:04.894Z
::1 - - [24/Aug/2024:00:56:10 +0000] "GET /api/users/?offset=0&limit=2 HTTP/1.1" 500 41 "-" "PostmanRuntime/7.37.3":INFO:2024-08-24T00:56:10.937Z
::1 - - [24/Aug/2024:00:58:25 +0000] "GET /api/users/?offset=0&limit=2 HTTP/1.1" 200 132 "-" "PostmanRuntime/7.37.3":INFO:2024-08-24T00:58:25.073Z
::1 - - [24/Aug/2024:00:58:36 +0000] "GET /api/users/?offset=0&limit=7 HTTP/1.1" 200 326 "-" "PostmanRuntime/7.37.3":INFO:2024-08-24T00:58:36.781Z
::1 - - [24/Aug/2024:00:59:59 +0000] "GET /api/users/?offset=0&limit=7 HTTP/1.1" 200 317 "-" "PostmanRuntime/7.37.3":INFO:2024-08-24T00:59:59.447Z
::1 - - [24/Aug/2024:01:27:12 +0000] "POST /api/user/ HTTP/1.1" 200 43 "-" "PostmanRuntime/7.37.3":INFO:2024-08-24T01:27:12.871Z
::1 - - [24/Aug/2024:01:35:06 +0000] "POST /api/user/ HTTP/1.1" 404 149 "-" "PostmanRuntime/7.37.3":INFO:2024-08-24T01:35:06.036Z
::1 - - [24/Aug/2024:01:35:14 +0000] "POST /api/user/update HTTP/1.1" 500 1479 "-" "PostmanRuntime/7.37.3":INFO:2024-08-24T01:35:14.389Z
::1 - - [24/Aug/2024:01:35:47 +0000] "POST /api/user/update HTTP/1.1" 200 43 "-" "PostmanRuntime/7.37.3":INFO:2024-08-24T01:35:47.987Z
::1 - - [24/Aug/2024:01:37:12 +0000] "POST /api/user/update HTTP/1.1" 200 43 "-" "PostmanRuntime/7.37.3":INFO:2024-08-24T01:37:12.169Z
::1 - - [24/Aug/2024:01:37:22 +0000] "POST /api/user/update HTTP/1.1" 500 1479 "-" "PostmanRuntime/7.37.3":INFO:2024-08-24T01:37:22.106Z
::1 - - [24/Aug/2024:01:37:28 +0000] "POST /api/user/update HTTP/1.1" 200 43 "-" "PostmanRuntime/7.37.3":INFO:2024-08-24T01:37:28.426Z
::1 - - [24/Aug/2024:10:41:03 +0000] "POST /api/user/update HTTP/1.1" 200 43 "-" "PostmanRuntime/7.37.3":INFO:2024-08-24T10:41:03.777Z
::1 - - [24/Aug/2024:10:47:31 +0000] "POST /api/user/update HTTP/1.1" 200 43 "-" "PostmanRuntime/7.37.3":INFO:2024-08-24T10:47:31.491Z
::1 - - [24/Aug/2024:10:50:38 +0000] "POST /api/user/update HTTP/1.1" 200 43 "-" "PostmanRuntime/7.37.3":INFO:2024-08-24T10:50:38.747Z
::1 - - [24/Aug/2024:10:53:10 +0000] "POST /api/user/update HTTP/1.1" 400 47 "-" "PostmanRuntime/7.37.3":INFO:2024-08-24T10:53:10.478Z
::1 - - [24/Aug/2024:10:53:40 +0000] "POST /api/user/update HTTP/1.1" 400 47 "-" "PostmanRuntime/7.37.3":INFO:2024-08-24T10:53:40.697Z
::1 - - [24/Aug/2024:10:59:21 +0000] "POST /api/user/update HTTP/1.1" 400 44 "-" "PostmanRuntime/7.37.3":INFO:2024-08-24T10:59:21.475Z
::1 - - [24/Aug/2024:11:00:30 +0000] "POST /api/user/update HTTP/1.1" 200 69 "-" "PostmanRuntime/7.37.3":INFO:2024-08-24T11:00:30.806Z
::1 - - [24/Aug/2024:11:00:47 +0000] "POST /api/user/update HTTP/1.1" 400 49 "-" "PostmanRuntime/7.37.3":INFO:2024-08-24T11:00:47.047Z
::1 - - [24/Aug/2024:11:00:55 +0000] "POST /api/user/update HTTP/1.1" 400 49 "-" "PostmanRuntime/7.37.3":INFO:2024-08-24T11:00:55.352Z
::1 - - [24/Aug/2024:11:02:04 +0000] "POST /api/user/update HTTP/1.1" 400 49 "-" "PostmanRuntime/7.37.3":INFO:2024-08-24T11:02:04.940Z
::1 - - [24/Aug/2024:11:03:19 +0000] "POST /api/user/update HTTP/1.1" 400 44 "-" "PostmanRuntime/7.37.3":INFO:2024-08-24T11:03:19.660Z
::1 - - [24/Aug/2024:11:04:14 +0000] "POST /api/user/update HTTP/1.1" 400 47 "-" "PostmanRuntime/7.37.3":INFO:2024-08-24T11:04:14.075Z
::1 - - [24/Aug/2024:11:04:24 +0000] "POST /api/user/update HTTP/1.1" 400 49 "-" "PostmanRuntime/7.37.3":INFO:2024-08-24T11:04:24.350Z
::1 - - [24/Aug/2024:11:07:20 +0000] "POST /api/user/update HTTP/1.1" 400 44 "-" "PostmanRuntime/7.37.3":INFO:2024-08-24T11:07:20.782Z
::1 - - [24/Aug/2024:11:07:41 +0000] "POST /api/user/update HTTP/1.1" 400 47 "-" "PostmanRuntime/7.37.3":INFO:2024-08-24T11:07:41.411Z
::1 - - [24/Aug/2024:11:08:41 +0000] "POST /api/user/update HTTP/1.1" 200 70 "-" "PostmanRuntime/7.37.3":INFO:2024-08-24T11:08:41.938Z
::1 - - [24/Aug/2024:11:13:35 +0000] "POST /api/user/update HTTP/1.1" 400 47 "-" "PostmanRuntime/7.37.3":INFO:2024-08-24T11:13:35.979Z
::1 - - [24/Aug/2024:11:13:46 +0000] "POST /api/user/update HTTP/1.1" 200 66 "-" "PostmanRuntime/7.37.3":INFO:2024-08-24T11:13:46.275Z
::1 - - [24/Aug/2024:11:36:43 +0000] "GET /api/user/0150312c-3245-440c-900a-cf60318e510b HTTP/1.1" 200 78 "-" "PostmanRuntime/7.37.3":INFO:2024-08-24T11:36:43.300Z
